[    0.000000] Initializing cgroup subsys cpuset
[    0.000000] Initializing cgroup subsys cpu
[    0.000000] Initializing cgroup subsys cpuacct
[    0.000000] Linux version 4.4.0-210-generic (buildd@lgw01-amd64-009) (gcc version 5.4.0 20160609 (Ubuntu 5.4.0-6ubuntu1~16.04.12) ) #242-Ubuntu SMP Fri Apr 16 09:57:56 UTC 2021 (Ubuntu 4.4.0-210.242-generic 4.4.262)
[    0.000000] Command line: BOOT_IMAGE=/boot/vmlinuz-4.4.0-210-generic root=LABEL=cloudimg-rootfs ro console=tty1 console=ttyS0
[    0.000000] KERNEL supported cpus:
[    0.000000]   Intel GenuineIntel
[    0.000000]   AMD AuthenticAMD
[    0.000000]   Centaur CentaurHauls
[    0.000000] x86/fpu: Legacy x87 FPU detected.
[    0.000000] e820: BIOS-provided physical RAM map:
[    0.000000] BIOS-e820: [mem 0x0000000000000000-0x000000000009fbff] usable
[    0.000000] BIOS-e820: [mem 0x000000000009fc00-0x000000000009ffff] reserved
[    0.000000] BIOS-e820: [mem 0x00000000000f0000-0x00000000000fffff] reserved
[    0.000000] BIOS-e820: [mem 0x0000000000100000-0x000000001ffeffff] usable
[    0.000000] BIOS-e820: [mem 0x000000001fff0000-0x000000001fffffff] ACPI data
[    0.000000] BIOS-e820: [mem 0x00000000fec00000-0x00000000fec00fff] reserved
[    0.000000] BIOS-e820: [mem 0x00000000fee00000-0x00000000fee00fff] reserved
[    0.000000] BIOS-e820: [mem 0x00000000fffc0000-0x00000000ffffffff] reserved
[    0.000000] NX (Execute Disable) protection: active
[    0.000000] SMBIOS 2.5 present.
[    0.000000] Hypervisor detected: KVM
[    0.000000] Kernel/User page tables isolation: disabled
[    0.000000] e820: last_pfn = 0x1fff0 max_arch_pfn = 0x400000000
[    0.000000] MTRR: Disabled
[    0.000000] x86/PAT: MTRRs disabled, skipping PAT initialization too.
[    0.000000] CPU MTRRs all blank - virtualized system.
[    0.000000] x86/PAT: Configuration [0-7]: WB  WT  UC- UC  WB  WT  UC- UC  
[    0.000000] found SMP MP-table at [mem 0x0009fff0-0x0009ffff] mapped at [ffff88000009fff0]
[    0.000000] Scanning 1 areas for low memory corruption
[    0.000000] RAMDISK: [mem 0x1e8c2000-0x1f74bfff]
[    0.000000] ACPI: Early table checksum verification disabled
[    0.000000] ACPI: RSDP 0x00000000000E0000 000024 (v02 VBOX  )
[    0.000000] ACPI: XSDT 0x000000001FFF0030 00003C (v01 VBOX   VBOXXSDT 00000001 ASL  00000061)
[    0.000000] ACPI: FACP 0x000000001FFF00F0 0000F4 (v04 VBOX   VBOXFACP 00000001 ASL  00000061)
[    0.000000] ACPI: DSDT 0x000000001FFF0610 002353 (v02 VBOX   VBOXBIOS 00000002 INTL 20100528)
[    0.000000] ACPI: FACS 0x000000001FFF0200 000040
[    0.000000] ACPI: FACS 0x000000001FFF0200 000040
[    0.000000] ACPI: APIC 0x000000001FFF0240 000054 (v02 VBOX   VBOXAPIC 00000001 ASL  00000061)
[    0.000000] ACPI: SSDT 0x000000001FFF02A0 00036C (v01 VBOX   VBOXCPUT 00000002 INTL 20100528)
[    0.000000] No NUMA configuration found
[    0.000000] Faking a node at [mem 0x0000000000000000-0x000000001ffeffff]
[    0.000000] NODE_DATA(0) allocated [mem 0x1ffeb000-0x1ffeffff]
[    0.000000] kvm-clock: Using msrs 4b564d01 and 4b564d00
[    0.000000] kvm-clock: cpu 0, msr 0:1ffe3001, primary cpu clock
[    0.000000] kvm-clock: using sched offset of 3923899618 cycles
[    0.000000] clocksource: kvm-clock: mask: 0xffffffffffffffff max_cycles: 0x1cd42e4dffb, max_idle_ns: 881590591483 ns
[    0.000000] Zone ranges:
[    0.000000]   DMA      [mem 0x0000000000001000-0x0000000000ffffff]
[    0.000000]   DMA32    [mem 0x0000000001000000-0x000000001ffeffff]
[    0.000000]   Normal   empty
[    0.000000]   Device   empty
[    0.000000] Movable zone start for each node
[    0.000000] Early memory node ranges
[    0.000000]   node   0: [mem 0x0000000000001000-0x000000000009efff]
[    0.000000]   node   0: [mem 0x0000000000100000-0x000000001ffeffff]
[    0.000000] Initmem setup node 0 [mem 0x0000000000001000-0x000000001ffeffff]
[    0.000000] ACPI: PM-Timer IO Port: 0x4008
[    0.000000] IOAPIC[0]: apic_id 1, version 32, address 0xfec00000, GSI 0-23
[    0.000000] ACPI: INT_SRC_OVR (bus 0 bus_irq 0 global_irq 2 dfl dfl)
[    0.000000] ACPI: INT_SRC_OVR (bus 0 bus_irq 9 global_irq 9 low level)
[    0.000000] Using ACPI (MADT) for SMP configuration information
[    0.000000] smpboot: Allowing 1 CPUs, 0 hotplug CPUs
[    0.000000] PM: Registered nosave memory: [mem 0x00000000-0x00000fff]
[    0.000000] PM: Registered nosave memory: [mem 0x0009f000-0x0009ffff]
[    0.000000] PM: Registered nosave memory: [mem 0x000a0000-0x000effff]
[    0.000000] PM: Registered nosave memory: [mem 0x000f0000-0x000fffff]
[    0.000000] e820: [mem 0x20000000-0xfebfffff] available for PCI devices
[    0.000000] Booting paravirtualized kernel on KVM
[    0.000000] clocksource: refined-jiffies: mask: 0xffffffff max_cycles: 0xffffffff, max_idle_ns: 7645519600211568 ns
[    0.000000] setup_percpu: NR_CPUS:512 nr_cpumask_bits:512 nr_cpu_ids:1 nr_node_ids:1
[    0.000000] PERCPU: Embedded 33 pages/cpu @ffff88001fc00000 s95192 r8192 d31784 u2097152
[    0.000000] Built 1 zonelists in Node order, mobility grouping on.  Total pages: 128888
[    0.000000] Policy zone: DMA32
[    0.000000] Kernel command line: BOOT_IMAGE=/boot/vmlinuz-4.4.0-210-generic root=LABEL=cloudimg-rootfs ro console=tty1 console=ttyS0
[    0.000000] PID hash table entries: 2048 (order: 2, 16384 bytes)
[    0.000000] Memory: 481844K/523832K available (8644K kernel code, 1332K rwdata, 4044K rodata, 1492K init, 1164K bss, 41988K reserved, 0K cma-reserved)
[    0.000000] SLUB: HWalign=64, Order=0-3, MinObjects=0, CPUs=1, Nodes=1
[    0.000000] Hierarchical RCU implementation.
[    0.000000] 	Build-time adjustment of leaf fanout to 64.
[    0.000000] 	RCU restricting CPUs from NR_CPUS=512 to nr_cpu_ids=1.
[    0.000000] RCU: Adjusting geometry for rcu_fanout_leaf=64, nr_cpu_ids=1
[    0.000000] NR_IRQS:33024 nr_irqs:256 16
[    0.000000] Console: colour VGA+ 80x25
[    0.000000] console [tty1] enabled
[    0.000000] console [ttyS0] enabled
[    0.000000] tsc: Detected 3110.412 MHz processor
[    0.654015] Calibrating delay loop (skipped) preset value.. 6220.82 BogoMIPS (lpj=12441648)
[    0.673867] pid_max: default: 32768 minimum: 301
[    0.681534] ACPI: Core revision 20150930
[    0.686310] ACPI: 2 ACPI AML tables successfully acquired and loaded
[    0.690689] Security Framework initialized
[    0.697577] Yama: becoming mindful.
[    0.701912] AppArmor: AppArmor initialized
[    0.710659] Dentry cache hash table entries: 65536 (order: 7, 524288 bytes)
[    0.724750] Inode-cache hash table entries: 32768 (order: 6, 262144 bytes)
[    0.738406] Mount-cache hash table entries: 1024 (order: 1, 8192 bytes)
[    0.757136] Mountpoint-cache hash table entries: 1024 (order: 1, 8192 bytes)
[    0.771563] Initializing cgroup subsys io
[    0.774128] Initializing cgroup subsys memory
[    0.782852] Initializing cgroup subsys devices
[    0.790925] Initializing cgroup subsys freezer
[    0.793495] Initializing cgroup subsys net_cls
[    0.797486] Initializing cgroup subsys perf_event
[    0.802762] Initializing cgroup subsys net_prio
[    0.808888] Initializing cgroup subsys hugetlb
[    0.815267] Initializing cgroup subsys pids
[    0.823296] mce: CPU supports 0 MCE banks
[    0.828552] Last level iTLB entries: 4KB 0, 2MB 0, 4MB 0
[    0.840684] Last level dTLB entries: 4KB 0, 2MB 0, 4MB 0, 1GB 0
[    0.846696] Spectre V1 : Mitigation: usercopy/swapgs barriers and __user pointer sanitization
[    0.857592] Spectre V2 : Mitigation: Enhanced IBRS
[    0.868739] Spectre V2 : Spectre v2 / SpectreRSB mitigation: Filling RSB on context switch
[    0.883832] Speculative Store Bypass: Vulnerable
[    1.225522] Freeing SMP alternatives memory: 36K
[    1.382797] ftrace: allocating 32380 entries in 127 pages
[    2.338305] smpboot: APIC(0) Converting physical 0 to logical package 0
[    2.347170] smpboot: Max logical packages: 1
[    2.368801] ..TIMER: vector=0x30 apic1=0 pin1=2 apic2=-1 pin2=-1
[    2.483005] smpboot: CPU0: 12th Gen Intel(R) Core(TM) i5-12500H (family: 0x6, model: 0x9a, stepping: 0x3)
[    2.502610] Performance Events: unsupported p6 CPU model 154 no PMU driver, software events only.
[    2.656557] KVM setup paravirtual spinlock
[    2.663060] x86: Booted up 1 node, 1 CPUs
[    2.667724] smpboot: Total of 1 processors activated (6220.82 BogoMIPS)
[    2.675604] devtmpfs: initialized
[    2.683565] evm: security.selinux
[    2.688549] evm: security.SMACK64
[    2.690549] evm: security.SMACK64EXEC
[    2.692723] evm: security.SMACK64TRANSMUTE
[    2.696191] evm: security.SMACK64MMAP
[    2.701294] evm: security.ima
[    2.706311] evm: security.capability
[    2.714175] clocksource: jiffies: mask: 0xffffffff max_cycles: 0xffffffff, max_idle_ns: 7645041785100000 ns
[    2.739134] futex hash table entries: 256 (order: 2, 16384 bytes)
[    2.758013] pinctrl core: initialized pinctrl subsystem
[    2.771969] RTC time:  1:56:34, date: 06/25/23
[    2.780215] NET: Registered protocol family 16
[    2.786590] cpuidle: using governor ladder
[    2.794261] cpuidle: using governor menu
[    2.800088] PCCT header not found.
[    2.804823] ACPI: bus type PCI registered
[    2.809813] acpiphp: ACPI Hot Plug PCI Controller Driver version: 0.5
[    2.823516] PCI: Using configuration type 1 for base access
[    2.848943] ACPI: Added _OSI(Module Device)
[    2.863143] ACPI: Added _OSI(Processor Device)
[    2.881610] ACPI: Added _OSI(3.0 _SCP Extensions)
[    2.895635] ACPI: Added _OSI(Processor Aggregator Device)
[    2.916542] ACPI: Executed 1 blocks of module-level executable AML code
[    2.938413] ACPI: Interpreter enabled
[    2.950056] ACPI: (supports S0 S5)
[    2.958886] ACPI: Using IOAPIC for interrupt routing
[    2.968012] PCI: Using host bridge windows from ACPI; if necessary, use "pci=nocrs" and report a bug
[    3.019221] ACPI: PCI Root Bridge [PCI0] (domain 0000 [bus 00-ff])
[    3.033492] acpi PNP0A03:00: _OSC: OS supports [ASPM ClockPM Segments MSI]
[    3.060028] acpi PNP0A03:00: _OSC: not requesting OS control; OS requires [ExtendedConfig ASPM ClockPM MSI]
[    3.095564] acpi PNP0A03:00: fail to add MMCONFIG information, can't access extended PCI configuration space under this bridge.
[    3.127027] PCI host bridge to bus 0000:00
[    3.143492] pci_bus 0000:00: root bus resource [io  0x0000-0x0cf7 window]
[    3.161054] pci_bus 0000:00: root bus resource [io  0x0d00-0xffff window]
[    3.178863] pci_bus 0000:00: root bus resource [mem 0x000a0000-0x000bffff window]
[    3.208981] pci_bus 0000:00: root bus resource [mem 0x20000000-0xfdffffff window]
[    3.230018] pci_bus 0000:00: root bus resource [bus 00-ff]
[    3.267613] pci 0000:00:01.1: legacy IDE quirk: reg 0x10: [io  0x01f0-0x01f7]
[    3.293680] pci 0000:00:01.1: legacy IDE quirk: reg 0x14: [io  0x03f6]
[    3.319830] pci 0000:00:01.1: legacy IDE quirk: reg 0x18: [io  0x0170-0x0177]
[    3.337491] pci 0000:00:01.1: legacy IDE quirk: reg 0x1c: [io  0x0376]
[    3.394062] pci 0000:00:07.0: quirk: [io  0x4000-0x403f] claimed by PIIX4 ACPI
[    3.422702] pci 0000:00:07.0: quirk: [io  0x4100-0x410f] claimed by PIIX4 SMB
[    3.507893] ACPI: PCI Interrupt Link [LNKA] (IRQs 5 9 10 *11)
[    3.536919] ACPI: PCI Interrupt Link [LNKB] (IRQs 5 9 *10 11)
[    3.564992] ACPI: PCI Interrupt Link [LNKC] (IRQs 5 *9 10 11)
[    3.593395] ACPI: PCI Interrupt Link [LNKD] (IRQs 5 9 10 *11)
[    3.621493] ACPI: Enabled 2 GPEs in block 00 to 07
[    3.650997] vgaarb: setting as boot device: PCI:0000:00:02.0
[    3.673810] vgaarb: device added: PCI:0000:00:02.0,decodes=io+mem,owns=io+mem,locks=none
[    3.754264] vgaarb: loaded
[    3.763391] vgaarb: bridge control possible 0000:00:02.0
[    3.783689] SCSI subsystem initialized
[    3.798074] ACPI: bus type USB registered
[    3.809020] usbcore: registered new interface driver usbfs
[    3.821313] usbcore: registered new interface driver hub
[    3.835586] usbcore: registered new device driver usb
[    3.846910] PCI: Using ACPI for IRQ routing
[    3.856258] NetLabel: Initializing
[    3.863442] NetLabel:  domain hash size = 128
[    3.872454] NetLabel:  protocols = UNLABELED CIPSOv4
[    3.890838] NetLabel:  unlabeled traffic allowed by default
[    3.909757] amd_nb: Cannot enumerate AMD northbridges
[    3.929605] clocksource: Switched to clocksource kvm-clock
[    3.983514] AppArmor: AppArmor Filesystem Enabled
[    4.001833] pnp: PnP ACPI init
[    4.018281] pnp: PnP ACPI: found 3 devices
[    4.048456] clocksource: acpi_pm: mask: 0xffffff max_cycles: 0xffffff, max_idle_ns: 2085701024 ns
[    4.076210] NET: Registered protocol family 2
[    4.087563] TCP established hash table entries: 4096 (order: 3, 32768 bytes)
[    4.115178] TCP bind hash table entries: 4096 (order: 4, 65536 bytes)
[    4.130705] TCP: Hash tables configured (established 4096 bind 4096)
[    4.144984] UDP hash table entries: 256 (order: 1, 8192 bytes)
[    4.156829] UDP-Lite hash table entries: 256 (order: 1, 8192 bytes)
[    4.179175] NET: Registered protocol family 1
[    4.195989] pci 0000:00:00.0: Limiting direct PCI/PCI transfers
[    4.216825] pci 0000:00:01.0: Activating ISA DMA hang workarounds
[    4.237364] Unpacking initramfs...
[    5.374375] Freeing initrd memory: 14888K
[    5.383871] clocksource: tsc: mask: 0xffffffffffffffff max_cycles: 0x2cd5b386f7a, max_idle_ns: 440795332827 ns
[    5.407369] platform rtc_cmos: registered platform RTC device (no PNP device found)
[    5.429896] Scanning for low memory corruption every 60 seconds
[    5.448478] audit: initializing netlink subsys (disabled)
[    5.471435] audit: type=2000 audit(1687658200.426:1): initialized
[    5.490813] Initialise system trusted keyring
[    5.504014] HugeTLB registered 2 MB page size, pre-allocated 0 pages
[    5.529069] zbud: loaded
[    5.537536] VFS: Disk quotas dquot_6.6.0
[    5.550214] VFS: Dquot-cache hash table entries: 512 (order 0, 4096 bytes)
[    5.574676] squashfs: version 4.0 (2009/01/31) Phillip Lougher
[    5.587114] fuse init (API version 7.23)
[    5.598457] Key type big_key registered
[    5.609685] Allocating IMA MOK and blacklist keyrings.
[    5.621988] Key type asymmetric registered
[    5.628919] Asymmetric key parser 'x509' registered
[    5.639550] Block layer SCSI generic (bsg) driver version 0.4 loaded (major 249)
[    5.661530] io scheduler noop registered
[    5.673141] io scheduler deadline registered (default)
[    5.688556] io scheduler cfq registered
[    5.701151] pci_hotplug: PCI Hot Plug PCI Core version: 0.5
[    5.718083] pciehp: PCI Express Hot Plug Controller Driver version: 0.4
[    5.742660] ACPI: AC Adapter [AC] (on-line)
[    5.757455] input: Power Button as /devices/LNXSYSTM:00/LNXPWRBN:00/input/input0
[    5.782324] ACPI: Power Button [PWRF]
[    5.796582] input: Sleep Button as /devices/LNXSYSTM:00/LNXSLPBN:00/input/input1
[    5.818159] ACPI: Sleep Button [SLPF]
[    5.829340] ACPI: Battery Slot [BAT0] (battery present)
[    5.849713] GHES: HEST is not enabled!
[    5.858796] Serial: 8250/16550 driver, 32 ports, IRQ sharing enabled
[    5.925420] 00:02: ttyS0 at I/O 0x3f8 (irq = 4, base_baud = 115200) is a 16550A
[    5.953678] Linux agpgart interface v0.103
[    5.973547] loop: module loaded
[    5.983869] scsi host0: ata_piix
[    5.992264] scsi host1: ata_piix
[    6.004141] ata1: PATA max UDMA/33 cmd 0x1f0 ctl 0x3f6 bmdma 0xd000 irq 14
[    6.032278] ata2: PATA max UDMA/33 cmd 0x170 ctl 0x376 bmdma 0xd008 irq 15
[    6.060675] libphy: Fixed MDIO Bus: probed
[    6.075552] tun: Universal TUN/TAP device driver, 1.6
[    6.088374] tun: (C) 1999-2004 Max Krasnyansky <maxk@qualcomm.com>
[    6.111802] PPP generic driver version 2.4.2
[    6.129865] ehci_hcd: USB 2.0 'Enhanced' Host Controller (EHCI) Driver
[    6.154460] ehci-pci: EHCI PCI platform driver
[    6.169953] ehci-platform: EHCI generic platform driver
[    6.183902] ohci_hcd: USB 1.1 'Open' Host Controller (OHCI) Driver
[    6.201827] ohci-pci: OHCI PCI platform driver
[    6.340673] ohci-platform: OHCI generic platform driver
[    6.355500] uhci_hcd: USB Universal Host Controller Interface driver
[    6.379298] i8042: PNP: PS/2 Controller [PNP0303:PS2K,PNP0f03:PS2M] at 0x60,0x64 irq 1,12
[    6.419357] serio: i8042 KBD port at 0x60,0x64 irq 1
[    6.433965] serio: i8042 AUX port at 0x60,0x64 irq 12
[    6.452672] mousedev: PS/2 mouse device common for all mice
[    6.472390] input: AT Translated Set 2 keyboard as /devices/platform/i8042/serio0/input/input2
[    6.504635] rtc_cmos rtc_cmos: rtc core: registered rtc_cmos as rtc0
[    6.526778] rtc_cmos rtc_cmos: alarms up to one day, 114 bytes nvram
[    6.550662] i2c /dev entries driver
[    6.561909] device-mapper: uevent: version 1.0.3
[    6.575247] device-mapper: ioctl: 4.34.0-ioctl (2015-10-28) initialised: dm-devel@redhat.com
[    6.594454] ledtrig-cpu: registered to indicate activity on CPUs
[    6.611120] NET: Registered protocol family 10
[    6.626757] NET: Registered protocol family 17
[    6.639396] Key type dns_resolver registered
[    6.656126] registered taskstats version 1
[    6.668883] Loading compiled-in X.509 certificates
[    6.678210] Loaded X.509 cert 'Build time autogenerated kernel key: cf00e047681d67edb2720680708b7d9498083038'
[    6.699081] zswap: loaded using pool lzo/zbud
[    6.716743] Key type trusted registered
[    6.740087] Key type encrypted registered
[    6.753141] AppArmor: AppArmor sha1 policy hashing enabled
[    6.769161] ima: No TPM chip found, activating TPM-bypass!
[    6.788108] ima: Allocated hash algorithm: sha1
[    6.805306] evm: HMAC attrs: 0x1
[    6.820852]   Magic number: 11:871:913
[    6.836766] rtc_cmos rtc_cmos: setting system clock to 2023-06-25 01:56:38 UTC (1687658198)
[    6.868450] BIOS EDD facility v0.16 2004-Jun-25, 0 devices found
[    6.887216] EDD information not available.
[    6.909965] Freeing unused kernel memory: 1492K
[    6.927605] Write protecting the kernel read-only data: 14336k
[    6.950201] Freeing unused kernel memory: 1584K
[    6.966142] Freeing unused kernel memory: 52K
Loading, please wait...
starting version 229
[    7.021023] random: udevadm: uninitialized urandom read (16 bytes read, 7 bits of entropy available)
[    7.053699] random: systemd-udevd: uninitialized urandom read (16 bytes read, 7 bits of entropy available)
[    7.072201] random: systemd-udevd: uninitialized urandom read (16 bytes read, 7 bits of entropy available)
[    7.090252] random: udevadm: uninitialized urandom read (16 bytes read, 7 bits of entropy available)
[    7.122696] random: systemd-udevd: uninitialized urandom read (16 bytes read, 7 bits of entropy available)
[    7.161967] random: systemd-udevd: uninitialized urandom read (16 bytes read, 7 bits of entropy available)
[    7.216028] random: udevadm: uninitialized urandom read (16 bytes read, 7 bits of entropy available)
[    7.252769] random: systemd-udevd: uninitialized urandom read (16 bytes read, 7 bits of entropy available)
[    7.293339] random: udevadm: uninitialized urandom read (16 bytes read, 7 bits of entropy available)
[    7.318742] random: systemd-udevd: uninitialized urandom read (16 bytes read, 7 bits of entropy available)
[    7.593877] Fusion MPT base driver 3.04.20
[    7.609130] Copyright (c) 1999-2008 LSI Corporation
[    7.654284] e1000: Intel(R) PRO/1000 Network Driver - version 7.3.21-k8-NAPI
[    7.674074] e1000: Copyright (c) 1999-2006 Intel Corporation.
[    7.713059] SSE version of gcm_enc/dec engaged.
[    7.778899] Fusion MPT SPI Host driver 3.04.20
[    8.109465] input: ImExPS/2 Generic Explorer Mouse as /devices/platform/i8042/serio1/input/input4
[    8.876305] e1000 0000:00:03.0 eth0: (PCI:33MHz:32-bit) 02:be:82:6b:cc:1d
[    8.885348] e1000 0000:00:03.0 eth0: Intel(R) PRO/1000 Network Connection
[    8.895012] mptbase: ioc0: Initiating bringup
[    8.984484] ioc0: LSI53C1030 A0: Capabilities={Initiator}
[    9.181061] scsi host2: ioc0: LSI53C1030 A0, FwRev=00000000h, Ports=1, MaxQ=256, IRQ=20
[    9.311222] scsi 2:0:0:0: Direct-Access     VBOX     HARDDISK         1.0  PQ: 0 ANSI: 5
[    9.326623] scsi target2:0:0: Beginning Domain Validation
[    9.346926] scsi target2:0:0: Domain Validation skipping write tests
[    9.360510] scsi target2:0:0: Ending Domain Validation
[    9.389037] scsi target2:0:0: asynchronous
[    9.432745] scsi 2:0:1:0: Direct-Access     VBOX     HARDDISK         1.0  PQ: 0 ANSI: 5
[    9.454249] scsi target2:0:1: Beginning Domain Validation
[    9.550495] scsi target2:0:1: Domain Validation skipping write tests
[    9.560874] scsi target2:0:1: Ending Domain Validation
[    9.576404] scsi target2:0:1: asynchronous
[    9.748519] sd 2:0:0:0: Attached scsi generic sg0 type 0
[    9.761176] sd 2:0:0:0: [sda] 83886080 512-byte logical blocks: (42.9 GB/40.0 GiB)
[    9.787367] sd 2:0:1:0: Attached scsi generic sg1 type 0
[    9.796915] sd 2:0:1:0: [sdb] 20480 512-byte logical blocks: (10.5 MB/10.0 MiB)
[    9.827069] sd 2:0:0:0: [sda] Write Protect is off
[    9.834610] sd 2:0:1:0: [sdb] Write Protect is off
[    9.840418] sd 2:0:0:0: [sda] Incomplete mode parameter data
[    9.847398] sd 2:0:0:0: [sda] Assuming drive cache: write through
[    9.878253] sd 2:0:1:0: [sdb] Incomplete mode parameter data
[    9.888217] sd 2:0:1:0: [sdb] Assuming drive cache: write through
[    9.912588]  sda: sda1
[    9.942553] sd 2:0:0:0: [sda] Attached SCSI disk
[    9.952841] sd 2:0:1:0: [sdb] Attached SCSI disk
[   10.327298] e1000 0000:00:08.0 eth1: (PCI:33MHz:32-bit) 08:00:27:1a:41:d5
[   10.337331] e1000 0000:00:08.0 eth1: Intel(R) PRO/1000 Network Connection
[   11.009602] e1000 0000:00:09.0 eth2: (PCI:33MHz:32-bit) 08:00:27:0e:3f:e2
[   11.017801] e1000 0000:00:09.0 eth2: Intel(R) PRO/1000 Network Connection
[   11.724009] e1000 0000:00:0a.0 eth3: (PCI:33MHz:32-bit) 08:00:27:68:9a:ef
[   11.728383] e1000 0000:00:0a.0 eth3: Intel(R) PRO/1000 Network Connection
[   11.741384] e1000 0000:00:08.0 enp0s8: renamed from eth1
[   11.754980] e1000 0000:00:0a.0 enp0s10: renamed from eth3
[   11.767249] e1000 0000:00:09.0 enp0s9: renamed from eth2
[   11.777741] e1000 0000:00:03.0 enp0s3: renamed from eth0
Begin: Loading essential drivers ... [   13.609818] md: linear personality registered for level -1
[   13.619089] md: multipath personality registered for level -4
[   13.627502] md: raid0 personality registered for level 0
[   13.641458] md: raid1 personality registered for level 1
[   13.709666] raid6: sse2x1   gen() 14471 MB/s
[   13.792478] raid6: sse2x1   xor()  7535 MB/s
[   13.865658] raid6: sse2x2   gen() 14168 MB/s
[   13.937637] raid6: sse2x2   xor()  7825 MB/s
[   14.009908] raid6: sse2x4   gen() 14962 MB/s
[   14.094861] raid6: sse2x4   xor()  5940 MB/s
[   14.103072] raid6: using algorithm sse2x4 gen() 14962 MB/s
[   14.110896] raid6: .... xor() 5940 MB/s, rmw enabled
[   14.118952] raid6: using ssse3x2 recovery algorithm
[   14.131533] xor: measuring software checksum speed
[   14.238323]    prefetch64-sse: 26957.000 MB/sec
[   14.354008]    generic_sse: 40034.000 MB/sec
[   14.360881] xor: using function: generic_sse (40034.000 MB/sec)
[   14.375994] async_tx: api initialized (async)
[   14.431715] md: raid6 personality registered for level 6
[   14.438475] md: raid5 personality registered for level 5
[   14.447812] md: raid4 personality registered for level 4
[   14.470185] md: raid10 personality registered for level 10
done.
Begin: Running /scripts/init-premount ... done.
Begin: Mounting root file system ... Begin: Running /scripts/local-top ... done.
Begin: Running /scripts/local-premount ... [   14.598216] Btrfs loaded
Scanning for Btrfs filesystems
done.
Warning: fsck not present, so skipping root file system
[   14.675975] EXT4-fs (sda1): mounted filesystem with ordered data mode. Opts: (null)
done.
Begin: Running /scripts/local-bottom ... done.
Begin: Running /scripts/init-bottom ... done.
[   14.945447] systemd[1]: systemd 229 running in system mode. (+PAM +AUDIT +SELINUX +IMA +APPARMOR +SMACK +SYSVINIT +UTMP +LIBCRYPTSETUP +GCRYPT +GNUTLS +ACL +XZ -LZ4 +SECCOMP +BLKID +ELFUTILS +KMOD -IDN)
[   14.967246] systemd[1]: Detected virtualization oracle.
[   14.973369] systemd[1]: Detected architecture x86-64.

Welcome to [1mUbuntu 16.04.7 LTS[0m!

[   14.991423] systemd[1]: Set hostname to <ubuntu>.
[   15.005162] systemd[1]: Initializing machine ID from random generator.
[   15.012148] systemd[1]: Installed transient /etc/machine-id file.
[   15.032278] random: nonblocking pool is initialized
[   15.329653] systemd[1]: Listening on LVM2 poll daemon socket.
[[0;32m  OK  [0m] Listening on LVM2 poll daemon socket.
[   15.337912] systemd[1]: Listening on fsck to fsckd communication Socket.
[[0;32m  OK  [0m] Listening on fsck to fsckd communication Socket.
[   15.347515] systemd[1]: Listening on udev Kernel Socket.
[[0;32m  OK  [0m] Listening on udev Kernel Socket.
[   15.352836] systemd[1]: Started Forward Password Requests to Wall Directory Watch.
[[0;32m  OK  [0m] Started Forward Password Requests to Wall Directory Watch.
[   15.361669] systemd[1]: Listening on Journal Socket.
[[0;32m  OK  [0m] Listening on Journal Socket.
[   15.372370] systemd[1]: Listening on /dev/initctl Compatibility Named Pipe.
[[0;32m  OK  [0m] Listening on /dev/initctl Compatibility Named Pipe.
[   15.387706] systemd[1]: Listening on Journal Audit Socket.
[[0;32m  OK  [0m] Listening on Journal Audit Socket.
[   15.399377] systemd[1]: Listening on Journal Socket (/dev/log).
[[0;32m  OK  [0m] Listening on Journal Socket (/dev/log).
[   15.406150] systemd[1]: Listening on Syslog Socket.
[[0;32m  OK  [0m] Listening on Syslog Socket.
[   15.415645] systemd[1]: Created slice System Slice.
[[0;32m  OK  [0m] Created slice System Slice.
[   15.426466] systemd[1]: Starting Uncomplicated firewall...
         Starting Uncomplicated firewall...
[   15.442234] systemd[1]: Created slice system-serial\x2dgetty.slice.
[[0;32m  OK  [0m] Created slice system-serial\x2dgetty.slice.
[   15.451895] systemd[1]: Starting File System Check on Root Device...
         Starting File System Check on Root Device...
[   15.479974] systemd[1]: Starting Load Kernel Modules...
         Starting Load Kernel Modules...
[   15.525766] systemd[1]: Mounting Huge Pages File System...
[   15.539002] Loading iSCSI transport class v2.0-870.
         Mounting Huge Pages File System...
[   15.553290] systemd[1]: Starting Nameserver information manager...
         Starting Nameserver information manager...
[   15.580121] iscsi: registered transport (tcp)
[   15.591169] systemd[1]: Mounting POSIX Message Queue File System...
         Mounting POSIX Message Queue File System...
[   15.620581] systemd[1]: Created slice User and Session Slice.
[[0;32m  OK  [0m] Created slice User and Session Slice.
[   15.639105] systemd[1]: Reached target Slices.
[[0;32m  OK  [0m] Reached target Slices.
[   15.658453] systemd[1]: Reached target Encrypted Volumes.
[[0;32m  OK  [0m] Reached target Encrypted Volumes.
[   15.683067] systemd[1]: Reached target System Time Synchronized.
[[0;32m  OK  [0m] Reached target System Time Synchronized.
[   15.706763] systemd[1]: Set up automount Arbitrary Executable File Formats File System Automount Point.
[[0;32m  OK  [0m] Set up automount Arbitrary Executab...ats File System Automount Point.
[   15.732238] systemd[1]: Reached target Swap.
[   15.743563] iscsi: registered transport (iser)
[[0;32m  OK  [0m] Reached target Swap.
[   15.753276] systemd[1]: Started Trigger resolvconf update for networkd DNS.
[[0;32m  OK  [0m] Started Trigger resolvconf update for networkd DNS.
[   15.772120] systemd[1]: Starting Create list of required static device nodes for the current kernel...
         Starting Create list of required st... nodes for the current kernel...
[   15.812631] systemd[1]: Starting Journal Service...
         Starting Journal Service...
[   15.827764] systemd[1]: Reached target User and Group Name Lookups.
[[0;32m  OK  [0m] Reached target User and Group Name Lookups.
[   15.851339] systemd[1]: Listening on LVM2 metadata daemon socket.
[[0;32m  OK  [0m] Listening on LVM2 metadata daemon socket.
[   15.859704] systemd[1]: Listening on Device-mapper event daemon FIFOs.
[[0;32m  OK  [0m] Listening on Device-mapper event daemon FIFOs.
[   15.873460] systemd[1]: Starting Monitoring of LVM2 mirrors, snapshots etc. using dmeventd or progress polling...
         Starting Monitoring of LVM2 mirrors... dmeventd or progress polling...
[   15.894827] systemd[1]: Listening on udev Control Socket.
[[0;32m  OK  [0m] Listening on udev Control Socket.
[   15.903539] systemd[1]: Starting Set console keymap...
         Starting Set console keymap...
[   15.922454] systemd[1]: Mounting Debug File System...
         Mounting Debug File System...
[   15.956313] systemd[1]: Mounted Huge Pages File System.
[[0;32m  OK  [0m] Mounted Huge Pages File System.
[   15.971610] systemd[1]: Mounted POSIX Message Queue File System.
[[0;32m  OK  [0m] Mounted POSIX Message Queue File System.
[   15.982809] systemd[1]: Mounted Debug File System.
[[0;32m  OK  [0m] Mounted Debug File System.
[   15.994820] systemd[1]: Started Journal Service.
[[0;32m  OK  [0m] Started Journal Service.
[[0;32m  OK  [0m] Started Uncomplicated firewall.
[[0;32m  OK  [0m] Started File System Check on Root Device.
[[0;32m  OK  [0m] Started Load Kernel Modules.
[[0;32m  OK  [0m] Started Create list of required sta...ce nodes for the current kernel.
[[0;32m  OK  [0m] Started Set console keymap.
[[0;32m  OK  [0m] Started Nameserver information manager.
[[0;32m  OK  [0m] Started LVM2 metadata daemon.
[[0;32m  OK  [0m] Started File System Check Daemon to report status.
         Starting Create Static Device Nodes in /dev...
         Mounting FUSE Control File System...
         Starting Apply Kernel Variables...
         Starting Remount Root and Kernel File Systems...
[[0;32m  OK  [0m] Mounted FUSE Control File System.
[[0;32m  OK  [0m] Started Monitoring of LVM2 mirrors,...ng dmeventd or progress polling.
[[0;32m  OK  [0m] Started Create Static Device Nodes in /dev.
[[0;32m  OK  [0m] Started Apply Kernel Variables.
[[0;32m  OK  [0m] Started Remount Root and Kernel File Systems.
         Starting Flush Journal to Persistent Storage...
         Starting Load/Save Random Seed...
         Starting udev Coldplug all Devices...
         Starting udev Kernel Device Manager...
[[0;32m  OK  [0m] Reached target Local File Systems (Pre).
[[0;32m  OK  [0m] Reached target Local File Systems.
         Starting Initial cloud-init job (pre-networking)...
         Starting LSB: AppArmor initialization...
         Starting Set console font and keymap...
         Starting Commit a transient machine-id on disk...
         Starting Tell Plymouth To Write Out Runtime Data...
[[0;32m  OK  [0m] Started udev Kernel Device Manager.
[[0;32m  OK  [0m] Started Load/Save Random Seed.
[[0;32m  OK  [0m] Started Commit a transient machine-id on disk.
[[0;32m  OK  [0m] Started Tell Plymouth To Write Out Runtime Data.
[[0;32m  OK  [0m] Started Flush Journal to Persistent Storage.
         Starting Create Volatile Files and Directories...
[[0;32m  OK  [0m] Started Create Volatile Files and Directories.
         Starting Update UTMP about System Boot/Shutdown...
[[0;32m  OK  [0m] Started Update UTMP about System Boot/Shutdown.
[[0;32m  OK  [0m] Started udev Coldplug all Devices.
[[0;32m  OK  [0m] Started Dispatch Password Requests to Console Directory Watch.
[[0;32m  OK  [0m] Found device /dev/ttyS0.
[[0;32m  OK  [0m] Listening on Load/Save RF Kill Switch Status /dev/rfkill Watch.
[   20.659073] cloud-init[[0;32m  OK  [0m] Started LSB: AppArmor initialization.
[469]: Cloud-init v. 21.1-19-gbad84ad4-0ubuntu1~16.04.2 running 'init-local' at Sun, 25 Jun 2023 01:56:53 +0000. Up 19.39 seconds.
         Starting Load AppArmor profiles managed internally by snapd...
[[0;32m  OK  [0m] Started Initial cloud-init job (pre-networking).
[[0;32m  OK  [0m] Started Load AppArmor profiles managed internally by snapd.
[[0;32m  OK  [0m] Reached target Network (Pre).
         Starting Raise network interfaces...
[[0;32m  OK  [0m] Started Set console font and keymap.
[[0;32m  OK  [0m] Created slice system-getty.slice.
[[0;32m  OK  [0m] Started Raise network interfaces.
         Starting Initial cloud-init job (metadata service crawler)...
[[0;32m  OK  [0m] Reached target Network.
[   24.796576] cloud-init[1000]: Cloud-init v. 21.1-19-gbad84ad4-0ubuntu1~16.04.2 running 'init' at Sun, 25 Jun 2023 01:56:58 +0000. Up 24.32 seconds.
[   24.809095] cloud-init[1000]: ci-info: +++++++++++++++++++++++++++++++++++++++Net device info+++++++++++++++++++++++++++++++++++++++
[   24.826518] cloud-init[1000]: ci-info: +---------+-------+----------------------------+---------------+--------+-------------------+
[   24.845018] cloud-init[1000]: ci-info: |  Device |   Up  |          Address           |      Mask     | Scope  |     Hw-Address    |
[   24.854018] cloud-init[1000]: ci-info: +---------+-------+----------------------------+---------------+--------+-------------------+
[   24.881143] cloud-init[1000]: ci-info: | enp0s10 | False |             .              |       .       |   .    | 08:00:27:68:9a:ef |[[0;32m  OK  [0m] Started Initial cloud-init job (metadata service crawler).
[
[   24.897112] cloud-init[1000]: ci-info: |  enp0s3 |  True |         10.0.2.15          | 255.255.255.0 | global | 02:be:82:6b:cc:1d |[0;32m  OK  [0m] Reached target Cloud-config availability.
[[0;32m  OK  [0m
[   24.914358] cloud-init[1000]: ci-info: |  enp0s3 |  True | fe80::be:82ff:fe6b:cc1d/64 |       .       |  link  | 02:be:82:6b:cc:1d |
] Reached target Network is Online.
         Starting iSCSI initiator daemon (iscsid)...[   24.930224] cloud-init[1000]: ci-info: |  enp0s8 | False |             .              |       .       |   .    | 08:00:27:1a:41:d5 |
[
[   24.942015] [0;32m  OK  [0m] Reached target System Initialization.
[[0;32m  OK  [0m] Listening on ACPID Listen Socket.cloud-init[1000]: 
ci-info: |  enp0s9 | False |             .              |       .       |   .    | 08:00:27:0e:3f:e2 |
[[0;32m  OK  [0m] Started ACPI Events Check.
[[   24.969447] cloud-init[1000]: ci-info: |    lo   |  True |         127.0.0.1          |   255.0.0.0   |  host  |         .         |[0;32m  OK  [0m] Reached target Paths.
[[0;32m  OK  [0m
[   24.980582] cloud-init[1000]: ci-info: |    lo   |  True |          ::1/128           |       .       |  host  |         .         |] Listening on D-Bus System Message Bus Socket.

[   24.990199] cloud-init[[0;32m  OK  [0m] Started Daily apt download activities.
[[1000]: ci-info: +---------+-------+----------------------------+---------------+--------+-------------------+[0;32m  OK  [0m] Started Daily apt upgrade and clean activities.
[[0;32m  OK  [0m
[   25.009254] cloud-init[1000]: ] Started Message of the Day.
ci-info: +++++++++++++++++++++++++++Route IPv4 info++++++++++++++++++++++++++++         Starting LXD - unix socket.
[[0;32m  OK  [0m
[   25.020756] cloud-init[1000]: ci-info: +-------+-------------+----------+---------------+-----------+-------+] Started Ubuntu Advantage update messaging.
         Starting Socket activation for snappy daemon.
[[0;32m  OK  [0m
[   25.034451] cloud-init[1000]: ci-info: | Route | Destination | Gateway  |    Genmask    | Interface | Flags |
] Listening on UUID daemon activation socket.
[[   25.044978] cloud-init[1000]: [0;32m  OK  [0m] Started Daily Cleanup of Temporary Directories.
ci-info: +-------+-------------+----------+---------------+-----------+-------+
[   25.054414] cloud-init[1000]: [[0;32m  OK  [0m] Reached target Timers.
ci-info: |   0   |   0.0.0.0   | 10.0.2.2 |    0.0.0.0    |   enp0s3  |   UG  |[[0;32m  OK  [0m
[   25.065253] cloud-init[1000]: ci-info: |   1   |   10.0.2.0  | 0.0.0.0  | 255.255.255.0 |   enp0s3  |   U   |] Listening on LXD - unix socket.
[[0;32m  OK  [0m] 
[   25.075364] Listening on Socket activation for snappy daemon.
[cloud-init[0;32m  OK  [0m] Reached target Sockets.[1000]: ci-info: +-------+-------------+----------+---------------+-----------+-------+
[[0;32m  OK  [0m] Reached target Basic System.
         Starting LSB: Record successful boot for GRUB...
[   25.107664] 
         Starting Virtualbox guest utils...
cloud-init[1000]:          Starting /etc/rc.local Compatibility...ci-info: +++++++++++++++++++Route IPv6 info+++++++++++++++++++
         Starting System Logging Service...
[[0;32m  OK  [0m] Started D-Bus System Message Bus.

[   25.166870] cloud-init[1000]: ci-info: +-------+-------------+---------+-----------+-------+
[   25.194353] cloud-init[1000]: ci-info: | Route | Destination | Gateway | Interface | Flags |[[0;32m  OK  [0m] Started Deferred execution scheduler.

         [   25.222946] Starting Login Service...
cloud-init         Starting Pollinate to seed the pseudo random number generator...[1000]: ci-info: +-------+-------------+---------+-----------+-------+
[[0;32m  OK  [0m
] Started Regular background program processing daemon.
         [   25.274697] Starting Accounts Service...cloud-init[1000]: 
         Starting LSB: MD monitoring daemon...
[ci-info: |   0   |  fe80::/64  |    ::   |   enp0s3  |   U   |[0;32m  OK  [0m] Started FUSE filesystem for LXC.
         Starting Snap Daemon...

[[0;32m  OK  [0m] Started ACPI event daemon.
         Starting LXD - container startup/shutdown...
[[0;32m  OK  [0m] Started System Logging Service.
[[0;32m  OK  [0m[   25.359445] ] Started iSCSI initiator daemon (iscsid).
[[0;32m  OK  [0m] cloud-initStarted /etc/rc.local Compatibility.
[1000]: ci-info: |   3   |   ff00::/8  |    ::   |   enp0s3  |   U   |         Starting Login to default iSCSI targets...
[[0;32m  OK  [0m] Started Login Service.
[[0;32m  OK  [0m] Started Unattended Upgrades Shutdown.

[[0;32m  OK  [0m] Started Login to default iSCSI targets.
[[0;32m  OK  [0m] Started LSB: Record successful boot for GRUB.
[[0;32m  OK  [0m] Reached target Remote File Systems (Pre).
[[0;32m  OK  [0m] Reached target Remote File Systems.
         Starting Permit User Sessions...
         [   25.537039] Starting LSB: daemon to balance interrupts for SMP systems...
         Starting LSB: Set the CPU Frequency Scaling governor to "ondemand"...
         Starting LSB: automatic crash report generation...
[[0;32m  OK  [0m] Started Permit User Sessions.
         Starting Terminate Plymouth Boot Screen...
         Starting Hold until boot process finishes up...cloud-init[1000]: 
[[0;32m  OK  [0m] Started LSB: MD monitoring daemon.
[[0;32m  OK  [0m] Started Terminate Plymouth Boot Screen.
[[0;32m  OK  [0m] Started Hold until boot process finishes up.
[[0;32m  OK  [0m] Started Getty on tty1.ci-info: +-------+-------------+---------+-----------+-------+
         Starting Set console scheme...
[[0;32m  OK  [0m] Started Serial Getty on ttyS0.
[[0;32m  OK  [0m] Reached target Login Prompts.
[[0;32m  OK  [0m] Started Set console scheme.
         Starting Authenticate and Authorize Users to Run Privileged Tasks...

[   25.769447] cloud-init[1000]: [[0;32m  OK  [0m] Started LSB: Set the CPU Frequency Scaling governor to "ondemand".
[[0;32m  OK  [0m] Started LSB: daemon to balance interrupts for SMP systems.
Generating public/private rsa key pair.
[[0;32m  OK  [0m] Started Authenticate and Authorize Users to Run Privileged Tasks.
[[0;32m  OK  [0m] Started Accounts Service.
[[0;32m  OK  [0m] Started LSB: automatic crash report generation.
[   25.863804] cloud-init[1000]: Your identification has been saved in /etc/ssh/ssh_host_rsa_key.
[   25.903004] cloud-init[1000]: Your public key has been saved in /etc/ssh/ssh_host_rsa_key.pub.
[   25.965415] [[0;32m  OK  [0m] Started LXD - container startup/shutdown.
cloud-init[1000]: The key fingerprint is:
[   26.020901] cloud-init[1000]: SHA256:Ov3bntWyrNtSb8dU36KKgzXmqHI2GqJ4N9gRNIk/amk root@ubuntu-xenial
[   26.083578] cloud-init[1000]: [[0;32m  OK  [0m] Started Virtualbox guest utils.
The key's randomart image is:
[   26.125845] cloud-init[1000]: +---[RSA 2048]----+
[   26.172866] cloud-init[1000]: |   . .           |
[   26.204534] cloud-init[1000]: |  . +            |
[   26.229190] cloud-init[1000]: |   o .           |
[   26.255336] cloud-init[1000]: |    +           .|
[   26.279096] cloud-init[1000]: |   o o  S       +|
[   26.296334] cloud-init[1000]: |  E .  o+     o.+|
[   26.326335] cloud-init[1000]: |.o.o .o*..   oo=.|
[   26.342605] cloud-init[1000]: |o.+.B o.oo .o= o=|
[   26.369504] cloud-init[1000]: |o..*.+  ..++*++..|
[   26.383695] cloud-init[1000]: +----[SHA256]-----+
[   26.413913] cloud-init[1000]: Generating public/private dsa key pair.
[   26.435927] cloud-init[1000]: Your identification has been saved in /etc/ssh/ssh_host_dsa_key.
[   26.442207] cloud-init[1000]: Your public key has been saved in /etc/ssh/ssh_host_dsa_key.pub.
[   26.467684] cloud-init[1000]: The key fingerprint is:
[   26.483030] cloud-init[1000]: SHA256:PDBs50En53sMPILGLKs1g88fnZLtYCG53BI5So5kVxk root@ubuntu-xenial
[   26.494933] cloud-init[1000]: The key's randomart image is:
[   26.504306] cloud-init[1000]: +---[DSA 1024]----+
[   26.523854] cloud-init[1000]: |     E  o o      |
[[0;32m  OK  [0m] Started Snap Daemon.
[   26.543266]          Starting Wait until snapd is fully seeded...cloud-init[1000]: |     +oo *       |

[   26.573568] cloud-init[1000]: |    .oX + =      |
[   26.588996] cloud-init[1000]: |   ..B * o =     |
[   26.615829] cloud-init[1000]: | oo.@ . S . o    |
[   26.652200] cloud-init[1000]: |o+.B O = o .     |
[   26.668337] cloud-init[1000]: |. + * B +        |
[   26.681728] cloud-init[1000]: |     + =         |
[   26.708415] cloud-init[1000]: |      . .        |
[   26.732489] cloud-init[1000]: +----[SHA256]-----+
[   26.749606] cloud-init[1000]: Generating public/private ecdsa key pair.
[   26.763075] cloud-init[1000]: Your identification has been saved in /etc/ssh/ssh_host_ecdsa_key.
[   26.784368] cloud-init[1000]: Your public key has been saved in /etc/ssh/ssh_host_ecdsa_key.pub.
[   26.802900] cloud-init[1000]: The key fingerprint is:
[   26.825138] cloud-init[1000]: SHA256:D9ZiGMTY60Fc7jfBXjdbpsnjjCqcp1Um6bZNs9KTHb0 root@ubuntu-xenial
[   26.841711] cloud-init[1000]: The key's randomart image is:
[   26.869589] cloud-init[1000]: +---[ECDSA 256]---+
[   26.887619] cloud-init[1000]: |     =...        |
[   26.911724] cloud-init[1000]: |    ..=. .       |
[   26.949153] cloud-init[1000]: |     .... o . o o|
[   26.985862] cloud-init[1000]: |      o+ o + o B |
[   27.028824] cloud-init[1000]: |     ...S B o *. |
[   27.063890] cloud-init[1000]: |      .o * = +...|
[   27.108543] cloud-init[1000]: |       . .=.+oo..|
[   27.152794] cloud-init[1000]: |        +oo=+o.E |
[   27.196988] cloud-init[1000]: |        .+o.o.   |
[   27.247719] cloud-init[1000]: +----[SHA256]-----+
[   27.291492] cloud-init[1000]: Generating public/private ed25519 key pair.
[   27.345052] cloud-init[1000]: Your identification has been saved in /etc/ssh/ssh_host_ed25519_key.
[   27.384174] cloud-init[1000]: Your public key has been saved in /etc/ssh/ssh_host_ed25519_key.pub.
[   27.438177] cloud-init[1000]: The key fingerprint is:
[   27.479264] cloud-init[1000]: SHA256:3F/QIUynhyRauws2qvtFFlZJ3Zxx4cZKkA3kkOWcLR0 root@ubuntu-xenial
[   27.499384] cloud-init[1000]: The key's randomart image is:
[   27.521851] cloud-init[1000]: +--[ED25519 256]--+
[   27.536565] cloud-init[1000]: |         oOXBE++o|
[   27.543269] cloud-init[1000]: |         =*=BBBo |
[   27.553057] cloud-init[1000]: |        + .*++o+ |
[   27.558579] cloud-init[1000]: |       o o .ooo  |
[   27.563884] cloud-init[1000]: |        S o  ..  |
[   27.569035] cloud-init[1000]: |       = o o .   |
[   27.574987] cloud-init[1000]: |      . . . .    |
[   27.584601] cloud-init[1000]: |     . .         |
[   27.595457] cloud-init[1000]: |    oo.          |
[   27.613241] cloud-init[1000]: +----[SHA256]-----+
[[0;32m  OK  [0m] Started Pollinate to seed the pseudo random number generator.
         Starting OpenBSD Secure Shell server...
[[0;32m  OK  [0m] Started OpenBSD Secure Shell server.
[[0;32m  OK  [0m] Created slice User Slice of vagrant.
[[0;32m  OK  [0m] Started Session 1 of user vagrant.
         Starting User Manager for UID 1000...
[[0;32m  OK  [0m] Started User Manager for UID 1000.

Ubuntu 16.04.7 LTS ubuntu-xenial ttyS0

ubuntu-xenial login: [   32.897008] cloud-init[1528]: Generating locales (this might take a while)...
[   35.961799] cloud-init[1528]:   en_US.UTF-8... done
[   36.036153] cloud-init[1528]: Generation complete.
[   37.260387] cloud-init[1528]: Cloud-init v. 21.1-19-gbad84ad4-0ubuntu1~16.04.2 running 'modules:config' at Sun, 25 Jun 2023 01:57:06 +0000. Up 32.52 seconds.
ci-info: no authorized SSH keys fingerprints found for user ubuntu.
<14>Jun 25 01:57:13 ec2: 
<14>Jun 25 01:57:13 ec2: #############################################################
<14>Jun 25 01:57:13 ec2: -----BEGIN SSH HOST KEY FINGERPRINTS-----
<14>Jun 25 01:57:13 ec2: 1024 SHA256:PDBs50En53sMPILGLKs1g88fnZLtYCG53BI5So5kVxk root@ubuntu-xenial (DSA)
<14>Jun 25 01:57:13 ec2: 256 SHA256:D9ZiGMTY60Fc7jfBXjdbpsnjjCqcp1Um6bZNs9KTHb0 root@ubuntu-xenial (ECDSA)
<14>Jun 25 01:57:13 ec2: 256 SHA256:3F/QIUynhyRauws2qvtFFlZJ3Zxx4cZKkA3kkOWcLR0 root@ubuntu-xenial (ED25519)
<14>Jun 25 01:57:13 ec2: 2048 SHA256:Ov3bntWyrNtSb8dU36KKgzXmqHI2GqJ4N9gRNIk/amk root@ubuntu-xenial (RSA)
<14>Jun 25 01:57:13 ec2: -----END SSH HOST KEY FINGERPRINTS-----
<14>Jun 25 01:57:13 ec2: #############################################################
-----BEGIN SSH HOST KEY KEYS-----
ecdsa-sha2-nistp256 AAAAE2VjZHNhLXNoYTItbmlzdHAyNTYAAAAIbmlzdHAyNTYAAABBBNyHrQMCsf3i8sFQexoIpXQoxUtcIHNY4mTPX7JfokRBwLDrZJehka+izCBLJ2VVtOQkgUkQDJzbLQAfOeN7fGY= root@ubuntu-xenial
ssh-ed25519 AAAAC3NzaC1lZDI1NTE5AAAAIDe7D3jScJMMQhGH1LtWEdZjNqYrOqNkP5hmoHOK+j6r root@ubuntu-xenial
ssh-rsa AAAAB3NzaC1yc2EAAAADAQABAAABAQDxfm4tVTsU9xwzIlVlGHK28PdyB2VVURX0uFceGNSrBIO5nVTBO8nbstA9lOnfqHIil5R9tAh3fjtJDTOIM/bRj0uP/jqWWOHg5wdqJKGAEir219sp/CCL68Tl7itIwZeflV/Au6KuTnJxft3Mf5QjtgGtaf7Oxfl6fBfdQKku6C1QPvgo6Vw2P2pcZb5SGyyDgNulyHJG5BoQBDz93+Q/gbPBSH3Fx7aNLBI4x9a4nI5fSvJAYEJm/5wEj02s4sFCwGNOI+BvpPTetTfRfYC9u0vYpjHDATmHhUNBQant+BtosJ0HRtVFB/bdYXeMsWWqL9blx21nxX7Zowyrmj6j root@ubuntu-xenial
-----END SSH HOST KEY KEYS-----
[   39.658477] cloud-init[1791]: Cloud-init v. 21.1-19-gbad84ad4-0ubuntu1~16.04.2 running 'modules:final' at Sun, 25 Jun 2023 01:57:13 +0000. Up 38.79 seconds.
[   39.729856] cloud-init[1791]: ci-info: no authorized SSH keys fingerprints found for user ubuntu.
[   39.779044] cloud-init[1791]: Cloud-init v. 21.1-19-gbad84ad4-0ubuntu1~16.04.2 finished at Sun, 25 Jun 2023 01:57:13 +0000. Datasource DataSourceNoCloud [seed=/dev/sdb][dsmode=net].  Up 39.64 seconds
